[debug] [2025-08-02T21:24:15.789Z] ----------------------------------------------------------------------
[debug] [2025-08-02T21:24:15.792Z] Command:       C:\Program Files\nodejs\node.exe C:\Users\pixge\AppData\Roaming\npm\node_modules\firebase-tools\lib\bin\firebase.js init hosting
[debug] [2025-08-02T21:24:15.792Z] CLI Version:   14.8.0
[debug] [2025-08-02T21:24:15.792Z] Platform:      win32
[debug] [2025-08-02T21:24:15.792Z] Node Version:  v22.14.0
[debug] [2025-08-02T21:24:15.793Z] Time:          Sat Aug 02 2025 16:24:15 GMT-0500 (hora estándar de Perú)
[debug] [2025-08-02T21:24:15.793Z] ----------------------------------------------------------------------
[debug] 
[debug] [2025-08-02T21:24:15.795Z] >>> [apiv2][query] GET https://firebase-public.firebaseio.com/cli.json [none]
[debug] [2025-08-02T21:24:15.840Z] > command requires scopes: ["email","openid","https://www.googleapis.com/auth/cloudplatformprojects.readonly","https://www.googleapis.com/auth/firebase","https://www.googleapis.com/auth/cloud-platform"]
[debug] [2025-08-02T21:24:15.840Z] > authorizing via signed-in user (pixgel13040@gmail.com)
[info] 
     ######## #### ########  ######## ########     ###     ######  ########
     ##        ##  ##     ## ##       ##     ##  ##   ##  ##       ##
     ######    ##  ########  ######   ########  #########  ######  ######
     ##        ##  ##    ##  ##       ##     ## ##     ##       ## ##
     ##       #### ##     ## ######## ########  ##     ##  ######  ########

You're about to initialize a Firebase project in this directory:

  C:\Users\pixge\Desktop\Awanta\awanta-landing

[debug] [2025-08-02T21:24:16.314Z] <<< [apiv2][status] GET https://firebase-public.firebaseio.com/cli.json 200
[debug] [2025-08-02T21:24:16.314Z] <<< [apiv2][body] GET https://firebase-public.firebaseio.com/cli.json {"cloudBuildErrorAfter":1594252800000,"cloudBuildWarnAfter":1590019200000,"defaultNode10After":1594252800000,"minVersion":"3.0.5","node8DeploysDisabledAfter":1613390400000,"node8RuntimeDisabledAfter":1615809600000,"node8WarnAfter":1600128000000}
[info] 
=== Project Setup
[info] 
[info] First, let's associate this project directory with a Firebase project.
[info] You can create multiple project aliases by running firebase use --add, 
[info] but for now we'll just set up a default project.
[info] 
[debug] [2025-08-02T21:24:22.915Z] Checked if tokens are valid: false, expires at: 1750835289889
[debug] [2025-08-02T21:24:22.915Z] Checked if tokens are valid: false, expires at: 1750835289889
[debug] [2025-08-02T21:24:22.915Z] > refreshing access token with scopes: []
[debug] [2025-08-02T21:24:22.916Z] >>> [apiv2][query] POST https://www.googleapis.com/oauth2/v3/token [none]
[debug] [2025-08-02T21:24:22.916Z] >>> [apiv2][body] POST https://www.googleapis.com/oauth2/v3/token [omitted]
[debug] [2025-08-02T21:24:23.144Z] <<< [apiv2][status] POST https://www.googleapis.com/oauth2/v3/token 200
[debug] [2025-08-02T21:24:23.144Z] <<< [apiv2][body] POST https://www.googleapis.com/oauth2/v3/token [omitted]
[debug] [2025-08-02T21:24:23.156Z] >>> [apiv2][query] GET https://firebase.googleapis.com/v1beta1/projects pageSize=100
[debug] [2025-08-02T21:24:24.646Z] <<< [apiv2][status] GET https://firebase.googleapis.com/v1beta1/projects 200
[debug] [2025-08-02T21:24:24.646Z] <<< [apiv2][body] GET https://firebase.googleapis.com/v1beta1/projects [omitted]
[info] i  Using project awanta-79d52 (Awanta) 
[info] 
=== Hosting Setup
[debug] [2025-08-02T21:24:29.488Z] Checked if tokens are valid: true, expires at: 1754173462144
[debug] [2025-08-02T21:24:29.489Z] Checked if tokens are valid: true, expires at: 1754173462144
[debug] [2025-08-02T21:24:29.489Z] >>> [apiv2][query] GET https://firebase.googleapis.com/v1beta1/projects/awanta-79d52 [none]
[debug] [2025-08-02T21:24:29.825Z] <<< [apiv2][status] GET https://firebase.googleapis.com/v1beta1/projects/awanta-79d52 200
[debug] [2025-08-02T21:24:29.825Z] <<< [apiv2][body] GET https://firebase.googleapis.com/v1beta1/projects/awanta-79d52 {"projectId":"awanta-79d52","projectNumber":"838392679426","displayName":"Awanta","name":"projects/awanta-79d52","resources":{"hostingSite":"awanta-79d52","locationId":"us-central"},"state":"ACTIVE","etag":"1_fa9f4286-3ee5-4269-9539-01b0bd4408a2"}
